This is pdfTeX, Version 3.14159265-2.6-1.40.15 (TeX Live 2014) (preloaded format=.Sol_Trade2B 2016.1.27)  27 JAN 2016 18:07
entering extended mode
 restricted \write18 enabled.
 %&-line parsing enabled.
**&.Sol_Trade2B "./.Sol_Trade2B.tex"
(./.Sol_Trade2B.tex
LaTeX2e <2014/05/01>
Babel <3.9k> and hyphenation patterns for 78 languages loaded.
(./.Sol_Trade2B.aux (./A/Sup2.aux) (./A/Exam_Questions.aux))
\openout1 = `.Sol_Trade2B.aux'.

LaTeX Font Info:    Checking defaults for OML/cmm/m/it on input line 27.
LaTeX Font Info:    ... okay on input line 27.
LaTeX Font Info:    Checking defaults for T1/cmr/m/n on input line 27.
LaTeX Font Info:    ... okay on input line 27.
LaTeX Font Info:    Checking defaults for OT1/cmr/m/n on input line 27.
LaTeX Font Info:    ... okay on input line 27.
LaTeX Font Info:    Checking defaults for OMS/cmsy/m/n on input line 27.
LaTeX Font Info:    ... okay on input line 27.
LaTeX Font Info:    Checking defaults for OMX/cmex/m/n on input line 27.
LaTeX Font Info:    ... okay on input line 27.
LaTeX Font Info:    Checking defaults for U/cmr/m/n on input line 27.
LaTeX Font Info:    ... okay on input line 27.
LaTeX Font Info:    Checking defaults for PD1/pdf/m/n on input line 27.
LaTeX Font Info:    ... okay on input line 27.
LaTeX Font Info:    Checking defaults for TS1/cmr/m/n on input line 27.
LaTeX Font Info:    Try loading font information for TS1+cmr on input line 27.
(/usr/local/texlive/2014/texmf-dist/tex/latex/base/ts1cmr.fd
File: ts1cmr.fd 1999/05/25 v2.5h Standard LaTeX font definitions
)
LaTeX Font Info:    ... okay on input line 27.
LaTeX Font Info:    Try loading font information for T1+lmr on input line 27.
(/usr/local/texlive/2014/texmf-dist/tex/latex/lm/t1lmr.fd
File: t1lmr.fd 2009/10/30 v1.6 Font defs for Latin Modern
)
LaTeX Font Info:    Try loading font information for OT1+lmr on input line 27.
(/usr/local/texlive/2014/texmf-dist/tex/latex/lm/ot1lmr.fd
File: ot1lmr.fd 2009/10/30 v1.6 Font defs for Latin Modern
)
LaTeX Font Info:    Try loading font information for OML+lmm on input line 27.
(/usr/local/texlive/2014/texmf-dist/tex/latex/lm/omllmm.fd
File: omllmm.fd 2009/10/30 v1.6 Font defs for Latin Modern
)
LaTeX Font Info:    Try loading font information for OMS+lmsy on input line 27.

(/usr/local/texlive/2014/texmf-dist/tex/latex/lm/omslmsy.fd
File: omslmsy.fd 2009/10/30 v1.6 Font defs for Latin Modern
)
LaTeX Font Info:    Try loading font information for OMX+lmex on input line 27.

(/usr/local/texlive/2014/texmf-dist/tex/latex/lm/omxlmex.fd
File: omxlmex.fd 2009/10/30 v1.6 Font defs for Latin Modern
)
LaTeX Font Info:    External font `lmex10' loaded for size
(Font)              <9> on input line 27.
LaTeX Font Info:    External font `lmex10' loaded for size
(Font)              <6> on input line 27.
LaTeX Font Info:    External font `lmex10' loaded for size
(Font)              <5> on input line 27.
LaTeX Font Info:    Try loading font information for U+msa on input line 27.
(/usr/local/texlive/2014/texmf-dist/tex/latex/amsfonts/umsa.fd
File: umsa.fd 2013/01/14 v3.01 AMS symbols A
)
LaTeX Font Info:    Try loading font information for U+msb on input line 27.
(/usr/local/texlive/2014/texmf-dist/tex/latex/amsfonts/umsb.fd
File: umsb.fd 2013/01/14 v3.01 AMS symbols B
)
LaTeX Font Info:    Try loading font information for OMS+rsfs on input line 27.

(/usr/local/texlive/2014/texmf-dist/tex/latex/calrsfs/OMSrsfs.fd) (/usr/local/t
exlive/2014/texmf-dist/tex/context/base/supp-pdf.mkii
[Loading MPS to PDF converter (version 2006.09.02).]
\scratchcounter=\count192
\scratchdimen=\dimen199
\scratchbox=\box53
\nofMPsegments=\count193
\nofMParguments=\count194
\everyMPshowfont=\toks34
\MPscratchCnt=\count195
\MPscratchDim=\dimen200
\MPnumerator=\count196
\makeMPintoPDFobject=\count197
\everyMPtoPDFconversion=\toks35
)
\AtBeginShipoutBox=\box54
Package hyperref Info: Link coloring ON on input line 27.
(/usr/local/texlive/2014/texmf-dist/tex/latex/hyperref/nameref.sty
Package: nameref 2012/10/27 v2.43 Cross-referencing by name of section
(/usr/local/texlive/2014/texmf-dist/tex/generic/oberdiek/gettitlestring.sty
Package: gettitlestring 2010/12/03 v1.4 Cleanup title references (HO)
)
\c@section@level=\count198
)
LaTeX Info: Redefining \ref on input line 27.
LaTeX Info: Redefining \pageref on input line 27.
LaTeX Info: Redefining \nameref on input line 27.
(./.Sol_Trade2B.out) (./.Sol_Trade2B.out)
\@outlinefile=\write5
\openout5 = `.Sol_Trade2B.out'.

(/usr/local/texlive/2014/texmf-dist/tex/latex/oberdiek/epstopdf-base.sty
Package: epstopdf-base 2010/02/09 v2.5 Base part for package epstopdf
(/usr/local/texlive/2014/texmf-dist/tex/latex/oberdiek/grfext.sty
Package: grfext 2010/08/19 v1.1 Manage graphics extensions (HO)
)
Package grfext Info: Graphics extension search list:
(grfext)             [.png,.pdf,.jpg,.mps,.jpeg,.jbig2,.jb2,.PNG,.PDF,.JPG,.JPE
G,.JBIG2,.JB2,.eps]
(grfext)             \AppendGraphicsExtensions on input line 452.
(/usr/local/texlive/2014/texmf-dist/tex/latex/latexconfig/epstopdf-sys.cfg
File: epstopdf-sys.cfg 2010/07/13 v1.3 Configuration of (r)epstopdf for TeX Liv
e
))
Package caption Info: Begin \AtBeginDocument code.
Package caption Info: End \AtBeginDocument code.
[1
Non-PDF special ignored!




{/usr/local/texlive/2014/texmf-var/fonts/map/pdftex/updmap/pdftex.map}] [2]
Contents
(./.Sol_Trade2B.toc)
\tf@toc=\write6
\openout6 = `.Sol_Trade2B.toc'.

LaTeX Font Info:    External font `lmex10' loaded for size
(Font)              <7> on input line 37.
[3


] [4


]

Package hyperref Warning: Token not allowed in a PDF string (PDFDocEncoding):
(hyperref)                \kern 5.47499pt
(hyperref)                replaced by space on input line 45.


Package hyperref Warning: Token not allowed in a PDF string (PDFDocEncoding):
(hyperref)                removing `\noindent' on input line 45.

[1


] [2


]
New changes for the Fun of it.
[3] [4


]
Supervision2: International Trade (Tariffs and Quota)
[5]
\openout2 = `A/Sup2.aux'.

(./A/Sup2.tex
LaTeX Font Info:    External font `lmex10' loaded for size
(Font)              <10.95> on input line 21.
LaTeX Font Info:    External font `lmex10' loaded for size
(Font)              <8> on input line 21.

Underfull \vbox (badness 10000) has occurred while \output is active []

[6

]) [7] [8



]
Old Questions
[9]
\openout2 = `A/Exam_Questions.aux'.

(./A/Exam_Questions.tex
Underfull \vbox (badness 10000) has occurred while \output is active []

[10

] [11]
Overfull \hbox (8.67836pt too wide) in paragraph at lines 77--78
[]\T1/lmr/m/n/10.95 Calculate the best re-sponse func-tions giv-ing each man-u-
fac-turer's profit-maximising
 []

[12] [13] [14] [15]
Underfull \vbox (badness 10000) has occurred while \output is active []

[16] [17]) [18]
No file .Sol_Trade2B.ind.
No file .Sol_Trade2B.bbl.
Package atveryend Info: Empty hook `BeforeClearDocument' on input line 88.
Package atveryend Info: Empty hook `AfterLastShipout' on input line 88.
(./.Sol_Trade2B.aux (./A/Sup2.aux) (./A/Exam_Questions.aux))
Package atveryend Info: Executing hook `AtVeryEndDocument' on input line 88.
Package atveryend Info: Executing hook `AtEndAfterFileList' on input line 88.
Package rerunfilecheck Info: File `.Sol_Trade2B.out' has not changed.
(rerunfilecheck)             Checksum: F10BF151F1D50C9DF1FB03C681F4E042;298.
Package atveryend Info: Empty hook `AtVeryVeryEnd' on input line 88.
 ) 
Here is how much of TeX's memory you used:
 898 strings out of 475524
 14775 string characters out of 5844769
 526442 words of memory out of 5000000
 21424 multiletter control sequences out of 15000+600000
 61332 words of font info for 64 fonts, out of 8000000 for 9000
 1302 hyphenation exceptions out of 8191
 32i,14n,30p,1248b,658s stack positions out of 5000i,500n,10000p,200000b,80000s
pdfTeX warning (dest): name{Hfootnote.1} has been referenced but does not exi
st, replaced by a fixed one

{/usr/local/texlive/2014/texmf-dist/fonts/enc/dvips/lm/lm-mathit.enc}{/usr/loca
l/texlive/2014/texmf-dist/fonts/enc/dvips/lm/lm-ec.enc}{/usr/local/texlive/2014
/texmf-dist/fonts/enc/dvips/lm/lm-rm.enc}{/usr/local/texlive/2014/texmf-dist/fo
nts/enc/dvips/lm/lm-mathsy.enc}</usr/local/texlive/2014/texmf-dist/fonts/type1/
public/lm/lmbx10.pfb></usr/local/texlive/2014/texmf-dist/fonts/type1/public/lm/
lmbx12.pfb></usr/local/texlive/2014/texmf-dist/fonts/type1/public/lm/lmmi10.pfb
></usr/local/texlive/2014/texmf-dist/fonts/type1/public/lm/lmmi6.pfb></usr/loca
l/texlive/2014/texmf-dist/fonts/type1/public/lm/lmmi8.pfb></usr/local/texlive/2
014/texmf-dist/fonts/type1/public/lm/lmmi9.pfb></usr/local/texlive/2014/texmf-d
ist/fonts/type1/public/lm/lmr10.pfb></usr/local/texlive/2014/texmf-dist/fonts/t
ype1/public/lm/lmr17.pfb></usr/local/texlive/2014/texmf-dist/fonts/type1/public
/lm/lmr6.pfb></usr/local/texlive/2014/texmf-dist/fonts/type1/public/lm/lmr8.pfb
></usr/local/texlive/2014/texmf-dist/fonts/type1/public/lm/lmr9.pfb></usr/local
/texlive/2014/texmf-dist/fonts/type1/public/lm/lmri10.pfb></usr/local/texlive/2
014/texmf-dist/fonts/type1/public/lm/lmsy10.pfb></usr/local/texlive/2014/texmf-
dist/fonts/type1/public/lm/lmsy7.pfb></usr/local/texlive/2014/texmf-dist/fonts/
type1/public/lm/lmsy8.pfb>
Output written on .Sol_Trade2B.pdf (22 pages, 264581 bytes).
PDF statistics:
 227 PDF objects out of 1000 (max. 8388607)
 186 compressed objects within 2 object streams
 38 named destinations out of 1000 (max. 500000)
 33 words of extra memory for PDF output out of 10000 (max. 10000000)

